  Source.cpp
c:\users\кирилл\desktop\прога 2 сем\лаба 3(файлы)\лаба 4(файлы)\source.cpp(68): warning C4244: аргумент: преобразование "unsigned __int64" в "unsigned int", возможна потеря данных
c:\users\кирилл\desktop\прога 2 сем\лаба 3(файлы)\лаба 4(файлы)\source.cpp(110): warning C4244: инициализация: преобразование "unsigned __int64" в "int", возможна потеря данных
c:\users\кирилл\desktop\прога 2 сем\лаба 3(файлы)\лаба 4(файлы)\source.cpp(205): warning C4244: return: преобразование "unsigned __int64" в "int", возможна потеря данных
c:\users\кирилл\desktop\прога 2 сем\лаба 3(файлы)\лаба 4(файлы)\source.cpp(281): warning C4018: <: несоответствие типов со знаком и без знака
c:\users\кирилл\desktop\прога 2 сем\лаба 3(файлы)\лаба 4(файлы)\source.cpp(344): warning C4018: <: несоответствие типов со знаком и без знака
c:\users\кирилл\desktop\прога 2 сем\лаба 3(файлы)\лаба 4(файлы)\source.cpp(371): warning C4244: аргумент: преобразование "unsigned __int64" в "int", возможна потеря данных
c:\users\кирилл\desktop\прога 2 сем\лаба 3(файлы)\лаба 4(файлы)\source.cpp(480): warning C4244: аргумент: преобразование "unsigned __int64" в "int", возможна потеря данных
c:\users\кирилл\desktop\прога 2 сем\лаба 3(файлы)\лаба 4(файлы)\source.cpp(521): warning C4244: аргумент: преобразование "unsigned __int64" в "int", возможна потеря данных
c:\users\кирилл\desktop\прога 2 сем\лаба 3(файлы)\лаба 4(файлы)\source.cpp(562): warning C4244: аргумент: преобразование "unsigned __int64" в "int", возможна потеря данных
c:\users\кирилл\desktop\прога 2 сем\лаба 3(файлы)\лаба 4(файлы)\source.cpp(579): warning C4244: аргумент: преобразование "unsigned __int64" в "unsigned int", возможна потеря данных
c:\users\кирилл\desktop\прога 2 сем\лаба 3(файлы)\лаба 4(файлы)\source.cpp(587): warning C4244: аргумент: преобразование "unsigned __int64" в "int", возможна потеря данных
c:\users\кирилл\desktop\прога 2 сем\лаба 3(файлы)\лаба 4(файлы)\source.cpp(598): warning C4244: аргумент: преобразование "unsigned __int64" в "int", возможна потеря данных
c:\users\кирилл\desktop\прога 2 сем\лаба 3(файлы)\лаба 4(файлы)\source.cpp(623): warning C4244: аргумент: преобразование "unsigned __int64" в "int", возможна потеря данных
c:\users\кирилл\desktop\прога 2 сем\лаба 3(файлы)\лаба 4(файлы)\source.cpp(634): warning C4244: аргумент: преобразование "unsigned __int64" в "int", возможна потеря данных
c:\users\кирилл\desktop\прога 2 сем\лаба 3(файлы)\лаба 4(файлы)\source.cpp(647): warning C4244: аргумент: преобразование "unsigned __int64" в "int", возможна потеря данных
c:\users\кирилл\desktop\прога 2 сем\лаба 3(файлы)\лаба 4(файлы)\source.cpp(672): warning C4244: аргумент: преобразование "unsigned __int64" в "int", возможна потеря данных
c:\users\кирилл\desktop\прога 2 сем\лаба 3(файлы)\лаба 4(файлы)\source.cpp(684): warning C4244: аргумент: преобразование "unsigned __int64" в "int", возможна потеря данных
c:\users\кирилл\desktop\прога 2 сем\лаба 3(файлы)\лаба 4(файлы)\source.cpp(735): warning C4244: аргумент: преобразование "unsigned __int64" в "int", возможна потеря данных
c:\users\кирилл\desktop\прога 2 сем\лаба 3(файлы)\лаба 4(файлы)\source.cpp(748): warning C4244: аргумент: преобразование "unsigned __int64" в "int", возможна потеря данных
  лаба 4(файлы).vcxproj -> C:\Users\Кирилл\Desktop\прога 2 сем\лаба 3(файлы)\Debug\лаба 4(файлы).exe
