  Source.cpp
c:\users\кирилл\desktop\прога 2 сем\лаба 3(файлы)\лаба 4(файлы)\source.cpp(58): warning C4244: аргумент: преобразование "unsigned __int64" в "unsigned int", возможна потеря данных
c:\users\кирилл\desktop\прога 2 сем\лаба 3(файлы)\лаба 4(файлы)\source.cpp(100): warning C4244: инициализация: преобразование "unsigned __int64" в "int", возможна потеря данных
c:\users\кирилл\desktop\прога 2 сем\лаба 3(файлы)\лаба 4(файлы)\source.cpp(135): warning C4267: =: преобразование из "size_t" в "int"; возможна потеря данных
c:\users\кирилл\desktop\прога 2 сем\лаба 3(файлы)\лаба 4(файлы)\source.cpp(186): warning C4267: =: преобразование из "size_t" в "int"; возможна потеря данных
c:\users\кирилл\desktop\прога 2 сем\лаба 3(файлы)\лаба 4(файлы)\source.cpp(194): warning C4244: return: преобразование "unsigned __int64" в "int", возможна потеря данных
c:\users\кирилл\desktop\прога 2 сем\лаба 3(файлы)\лаба 4(файлы)\source.cpp(270): warning C4018: <: несоответствие типов со знаком и без знака
c:\users\кирилл\desktop\прога 2 сем\лаба 3(файлы)\лаба 4(файлы)\source.cpp(333): warning C4018: <: несоответствие типов со знаком и без знака
c:\users\кирилл\desktop\прога 2 сем\лаба 3(файлы)\лаба 4(файлы)\source.cpp(360): warning C4244: аргумент: преобразование "unsigned __int64" в "int", возможна потеря данных
c:\users\кирилл\desktop\прога 2 сем\лаба 3(файлы)\лаба 4(файлы)\source.cpp(469): warning C4244: аргумент: преобразование "unsigned __int64" в "int", возможна потеря данных
c:\users\кирилл\desktop\прога 2 сем\лаба 3(файлы)\лаба 4(файлы)\source.cpp(509): warning C4244: аргумент: преобразование "unsigned __int64" в "int", возможна потеря данных
c:\users\кирилл\desktop\прога 2 сем\лаба 3(файлы)\лаба 4(файлы)\source.cpp(550): warning C4244: аргумент: преобразование "unsigned __int64" в "int", возможна потеря данных
c:\users\кирилл\desktop\прога 2 сем\лаба 3(файлы)\лаба 4(файлы)\source.cpp(567): warning C4244: аргумент: преобразование "unsigned __int64" в "unsigned int", возможна потеря данных
c:\users\кирилл\desktop\прога 2 сем\лаба 3(файлы)\лаба 4(файлы)\source.cpp(575): warning C4244: аргумент: преобразование "unsigned __int64" в "int", возможна потеря данных
c:\users\кирилл\desktop\прога 2 сем\лаба 3(файлы)\лаба 4(файлы)\source.cpp(586): warning C4244: аргумент: преобразование "unsigned __int64" в "int", возможна потеря данных
c:\users\кирилл\desktop\прога 2 сем\лаба 3(файлы)\лаба 4(файлы)\source.cpp(611): warning C4244: аргумент: преобразование "unsigned __int64" в "int", возможна потеря данных
c:\users\кирилл\desktop\прога 2 сем\лаба 3(файлы)\лаба 4(файлы)\source.cpp(622): warning C4244: аргумент: преобразование "unsigned __int64" в "int", возможна потеря данных
c:\users\кирилл\desktop\прога 2 сем\лаба 3(файлы)\лаба 4(файлы)\source.cpp(635): warning C4244: аргумент: преобразование "unsigned __int64" в "int", возможна потеря данных
c:\users\кирилл\desktop\прога 2 сем\лаба 3(файлы)\лаба 4(файлы)\source.cpp(660): warning C4244: аргумент: преобразование "unsigned __int64" в "int", возможна потеря данных
c:\users\кирилл\desktop\прога 2 сем\лаба 3(файлы)\лаба 4(файлы)\source.cpp(672): warning C4244: аргумент: преобразование "unsigned __int64" в "int", возможна потеря данных
c:\users\кирилл\desktop\прога 2 сем\лаба 3(файлы)\лаба 4(файлы)\source.cpp(723): warning C4244: аргумент: преобразование "unsigned __int64" в "int", возможна потеря данных
c:\users\кирилл\desktop\прога 2 сем\лаба 3(файлы)\лаба 4(файлы)\source.cpp(736): warning C4244: аргумент: преобразование "unsigned __int64" в "int", возможна потеря данных
  лаба 4(файлы).vcxproj -> C:\Users\Кирилл\Desktop\прога 2 сем\лаба 3(файлы)\x64\Debug\лаба 4(файлы).exe
